{"uid":"126a7b9f3c861981","name":"test_new_sample","fullName":"testcase.test_case.TestCase#test_new_sample","historyId":"9f7aeb6f01643437a7de18750487066a","time":{"start":1686040376886,"stop":1686040398005,"duration":21119},"status":"broken","statusMessage":"selenium.common.exceptions.TimeoutException: Message:","statusTrace":"self = <test_case.TestCase object at 0x000001337F733648>\n\n    def test_new_sample(self):\n>       NewSampleHandle().page_excute_new_sample(\"样品名称\")\n\ntest_case.py:59: \n_ _ _ _ _ _ _ _ _ _ _ _ _ _ _ _ _ _ _ _ _ _ _ _ _ _ _ _ _ _ _ _ _ _ _ _ _ _ _ _\n..\\page\\sample_page.py:46: in page_excute_new_sample\n    self.page_click_sample_menu()\n..\\page\\sample_page.py:11: in page_click_sample_menu\n    self.base_click(page.sample_menu)\n..\\base\\base.py:17: in base_click\n    self.base_find_element(loc).click()\n..\\base\\base.py:13: in base_find_element\n    return WebDriverWait(self.driver, timeout=timeout, poll_frequency=poll).until(lambda x: x.find_element(*loc))\n_ _ _ _ _ _ _ _ _ _ _ _ _ _ _ _ _ _ _ _ _ _ _ _ _ _ _ _ _ _ _ _ _ _ _ _ _ _ _ _\n\nself = <selenium.webdriver.support.wait.WebDriverWait (session=\"d64fa41d71da3cd35372c9ea8897d280\")>\nmethod = <function Base.base_find_element.<locals>.<lambda> at 0x0000013307022C18>\nmessage = ''\n\n    def until(self, method, message=''):\n        \"\"\"Calls the method provided with the driver as an argument until the \\\n        return value is not False.\"\"\"\n        screen = None\n        stacktrace = None\n    \n        end_time = time.time() + self._timeout\n        while True:\n            try:\n                value = method(self._driver)\n                if value:\n                    return value\n            except self._ignored_exceptions as exc:\n                screen = getattr(exc, 'screen', None)\n                stacktrace = getattr(exc, 'stacktrace', None)\n            time.sleep(self._poll)\n            if time.time() > end_time:\n                break\n>       raise TimeoutException(message, screen, stacktrace)\nE       selenium.common.exceptions.TimeoutException: Message:\n\nC:\\Program Files\\Python\\Python37\\lib\\site-packages\\selenium\\webdriver\\support\\wait.py:80: TimeoutException","flaky":false,"newFailed":false,"newBroken":false,"newPassed":false,"retriesCount":0,"retriesStatusChange":false,"beforeStages":[{"name":"_xunit_setup_class_fixture_TestCase","time":{"start":1686040364604,"stop":1686040375582,"duration":10978},"status":"passed","steps":[],"attachments":[],"parameters":[],"stepsCount":0,"hasContent":false,"attachmentsCount":0,"shouldDisplayMessage":false}],"afterStages":[{"name":"_xunit_setup_class_fixture_TestCase::0","time":{"start":1686040398015,"stop":1686040398015,"duration":0},"status":"passed","steps":[],"attachments":[],"parameters":[],"stepsCount":0,"hasContent":false,"attachmentsCount":0,"shouldDisplayMessage":false}],"labels":[{"name":"feature","value":"TestCase"},{"name":"parentSuite","value":"testcase"},{"name":"suite","value":"test_case"},{"name":"subSuite","value":"TestCase"},{"name":"host","value":"lll"},{"name":"thread","value":"26064-MainThread"},{"name":"framework","value":"pytest"},{"name":"language","value":"cpython3"},{"name":"package","value":"testcase.test_case"},{"name":"resultFormat","value":"allure2"}],"parameters":[],"links":[],"hidden":true,"retry":true,"extra":{"categories":[],"tags":[]},"source":"126a7b9f3c861981.json","parameterValues":[]}