{"uid":"8766b576755ea64a","name":"test_new_sample","fullName":"testcase.test_case.TestCase#test_new_sample","historyId":"9f7aeb6f01643437a7de18750487066a","time":{"start":1686042665015,"stop":1686042686350,"duration":21335},"status":"broken","statusMessage":"selenium.common.exceptions.TimeoutException: Message:","statusTrace":"self = <test_case.TestCase object at 0x0000029254B48688>\n\n    def test_new_sample(self):\n>       NewSampleHandle().page_excute_new_sample(\"样品名称\")\n\ntest_case.py:59: \n_ _ _ _ _ _ _ _ _ _ _ _ _ _ _ _ _ _ _ _ _ _ _ _ _ _ _ _ _ _ _ _ _ _ _ _ _ _ _ _\n..\\page\\sample_page.py:47: in page_excute_new_sample\n    self.page_click_sample_manage_menu()\n..\\page\\sample_page.py:15: in page_click_sample_manage_menu\n    self.base_click(page.sample_manage_menu)\n..\\base\\base.py:17: in base_click\n    self.base_find_element(loc).click()\n..\\base\\base.py:13: in base_find_element\n    return WebDriverWait(self.driver, timeout=timeout, poll_frequency=poll).until(lambda x: x.find_element(*loc))\n_ _ _ _ _ _ _ _ _ _ _ _ _ _ _ _ _ _ _ _ _ _ _ _ _ _ _ _ _ _ _ _ _ _ _ _ _ _ _ _\n\nself = <selenium.webdriver.support.wait.WebDriverWait (session=\"c0a2460ee78c82b7e377a79b6ae8995b\")>\nmethod = <function Base.base_find_element.<locals>.<lambda> at 0x0000029254B1ED38>\nmessage = ''\n\n    def until(self, method, message=''):\n        \"\"\"Calls the method provided with the driver as an argument until the \\\n        return value is not False.\"\"\"\n        screen = None\n        stacktrace = None\n    \n        end_time = time.time() + self._timeout\n        while True:\n            try:\n                value = method(self._driver)\n                if value:\n                    return value\n            except self._ignored_exceptions as exc:\n                screen = getattr(exc, 'screen', None)\n                stacktrace = getattr(exc, 'stacktrace', None)\n            time.sleep(self._poll)\n            if time.time() > end_time:\n                break\n>       raise TimeoutException(message, screen, stacktrace)\nE       selenium.common.exceptions.TimeoutException: Message:\n\nC:\\Program Files\\Python\\Python37\\lib\\site-packages\\selenium\\webdriver\\support\\wait.py:80: TimeoutException","flaky":false,"newFailed":false,"newBroken":false,"newPassed":false,"retriesCount":0,"retriesStatusChange":false,"beforeStages":[{"name":"_xunit_setup_class_fixture_TestCase","time":{"start":1686042657753,"stop":1686042663505,"duration":5752},"status":"passed","steps":[],"attachments":[],"parameters":[],"shouldDisplayMessage":false,"attachmentsCount":0,"stepsCount":0,"hasContent":false}],"afterStages":[{"name":"_xunit_setup_class_fixture_TestCase::0","time":{"start":1686042686386,"stop":1686042686386,"duration":0},"status":"passed","steps":[],"attachments":[],"parameters":[],"shouldDisplayMessage":false,"attachmentsCount":0,"stepsCount":0,"hasContent":false}],"labels":[{"name":"feature","value":"TestCase"},{"name":"parentSuite","value":"testcase"},{"name":"suite","value":"test_case"},{"name":"subSuite","value":"TestCase"},{"name":"host","value":"lll"},{"name":"thread","value":"11616-MainThread"},{"name":"framework","value":"pytest"},{"name":"language","value":"cpython3"},{"name":"package","value":"testcase.test_case"},{"name":"resultFormat","value":"allure2"}],"parameters":[],"links":[],"hidden":true,"retry":true,"extra":{"categories":[],"tags":[]},"source":"8766b576755ea64a.json","parameterValues":[]}