{"uid":"b10595fd4304861a","name":"test_new_sample","fullName":"testcase.test_case.TestCase#test_new_sample","historyId":"9f7aeb6f01643437a7de18750487066a","time":{"start":1686056731051,"stop":1686056733561,"duration":2510},"status":"broken","statusMessage":"selenium.common.exceptions.StaleElementReferenceException: Message: stale element reference: element is not attached to the page document\n  (Session info: chrome=113.0.5672.64)","statusTrace":"self = <test_case.TestCase object at 0x0000020511E34FC8>\n\n    def test_new_sample(self):\n>       NewSampleHandle().page_excute_new_sample(\"样品名称\")\n\ntest_case.py:59: \n_ _ _ _ _ _ _ _ _ _ _ _ _ _ _ _ _ _ _ _ _ _ _ _ _ _ _ _ _ _ _ _ _ _ _ _ _ _ _ _\n..\\page\\sample_page.py:54: in page_excute_new_sample\n    self.page_click_submit_btn()\n..\\page\\sample_page.py:42: in page_click_submit_btn\n    self.base_click(page.submit_btn)\n..\\base\\base.py:24: in base_click\n    self.base_find_element(loc).click()\nD:\\Software Installation\\Python37\\lib\\site-packages\\selenium\\webdriver\\remote\\webelement.py:80: in click\n    self._execute(Command.CLICK_ELEMENT)\nD:\\Software Installation\\Python37\\lib\\site-packages\\selenium\\webdriver\\remote\\webelement.py:633: in _execute\n    return self._parent.execute(command, params)\nD:\\Software Installation\\Python37\\lib\\site-packages\\selenium\\webdriver\\remote\\webdriver.py:321: in execute\n    self.error_handler.check_response(response)\n_ _ _ _ _ _ _ _ _ _ _ _ _ _ _ _ _ _ _ _ _ _ _ _ _ _ _ _ _ _ _ _ _ _ _ _ _ _ _ _\n\nself = <selenium.webdriver.remote.errorhandler.ErrorHandler object at 0x0000020511E36C88>\nresponse = {'status': 404, 'value': '{\"value\":{\"error\":\"stale element reference\",\"message\":\"stale element reference: element is n...\\n\\\\tRtlGetAppContainerNamedObjectPath [0x77C77B6E+286]\\\\n\\\\tRtlGetAppContainerNamedObjectPath [0x77C77B3E+238]\\\\n\"}}'}\n\n    def check_response(self, response):\n        \"\"\"\n        Checks that a JSON response from the WebDriver does not have an error.\n    \n        :Args:\n         - response - The JSON response from the WebDriver server as a dictionary\n           object.\n    \n        :Raises: If the response contains an error message.\n        \"\"\"\n        status = response.get('status', None)\n        if status is None or status == ErrorCode.SUCCESS:\n            return\n        value = None\n        message = response.get(\"message\", \"\")\n        screen = response.get(\"screen\", \"\")\n        stacktrace = None\n        if isinstance(status, int):\n            value_json = response.get('value', None)\n            if value_json and isinstance(value_json, basestring):\n                import json\n                try:\n                    value = json.loads(value_json)\n                    if len(value.keys()) == 1:\n                        value = value['value']\n                    status = value.get('error', None)\n                    if status is None:\n                        status = value[\"status\"]\n                        message = value[\"value\"]\n                        if not isinstance(message, basestring):\n                            value = message\n                            message = message.get('message')\n                    else:\n                        message = value.get('message', None)\n                except ValueError:\n                    pass\n    \n        exception_class = ErrorInResponseException\n        if status in ErrorCode.NO_SUCH_ELEMENT:\n            exception_class = NoSuchElementException\n        elif status in ErrorCode.NO_SUCH_FRAME:\n            exception_class = NoSuchFrameException\n        elif status in ErrorCode.NO_SUCH_WINDOW:\n            exception_class = NoSuchWindowException\n        elif status in ErrorCode.STALE_ELEMENT_REFERENCE:\n            exception_class = StaleElementReferenceException\n        elif status in ErrorCode.ELEMENT_NOT_VISIBLE:\n            exception_class = ElementNotVisibleException\n        elif status in ErrorCode.INVALID_ELEMENT_STATE:\n            exception_class = InvalidElementStateException\n        elif status in ErrorCode.INVALID_SELECTOR \\\n                or status in ErrorCode.INVALID_XPATH_SELECTOR \\\n                or status in ErrorCode.INVALID_XPATH_SELECTOR_RETURN_TYPER:\n            exception_class = InvalidSelectorException\n        elif status in ErrorCode.ELEMENT_IS_NOT_SELECTABLE:\n            exception_class = ElementNotSelectableException\n        elif status in ErrorCode.ELEMENT_NOT_INTERACTABLE:\n            exception_class = ElementNotInteractableException\n        elif status in ErrorCode.INVALID_COOKIE_DOMAIN:\n            exception_class = InvalidCookieDomainException\n        elif status in ErrorCode.UNABLE_TO_SET_COOKIE:\n            exception_class = UnableToSetCookieException\n        elif status in ErrorCode.TIMEOUT:\n            exception_class = TimeoutException\n        elif status in ErrorCode.SCRIPT_TIMEOUT:\n            exception_class = TimeoutException\n        elif status in ErrorCode.UNKNOWN_ERROR:\n            exception_class = WebDriverException\n        elif status in ErrorCode.UNEXPECTED_ALERT_OPEN:\n            exception_class = UnexpectedAlertPresentException\n        elif status in ErrorCode.NO_ALERT_OPEN:\n            exception_class = NoAlertPresentException\n        elif status in ErrorCode.IME_NOT_AVAILABLE:\n            exception_class = ImeNotAvailableException\n        elif status in ErrorCode.IME_ENGINE_ACTIVATION_FAILED:\n            exception_class = ImeActivationFailedException\n        elif status in ErrorCode.MOVE_TARGET_OUT_OF_BOUNDS:\n            exception_class = MoveTargetOutOfBoundsException\n        elif status in ErrorCode.JAVASCRIPT_ERROR:\n            exception_class = JavascriptException\n        elif status in ErrorCode.SESSION_NOT_CREATED:\n            exception_class = SessionNotCreatedException\n        elif status in ErrorCode.INVALID_ARGUMENT:\n            exception_class = InvalidArgumentException\n        elif status in ErrorCode.NO_SUCH_COOKIE:\n            exception_class = NoSuchCookieException\n        elif status in ErrorCode.UNABLE_TO_CAPTURE_SCREEN:\n            exception_class = ScreenshotException\n        elif status in ErrorCode.ELEMENT_CLICK_INTERCEPTED:\n            exception_class = ElementClickInterceptedException\n        elif status in ErrorCode.INSECURE_CERTIFICATE:\n            exception_class = InsecureCertificateException\n        elif status in ErrorCode.INVALID_COORDINATES:\n            exception_class = InvalidCoordinatesException\n        elif status in ErrorCode.INVALID_SESSION_ID:\n            exception_class = InvalidSessionIdException\n        elif status in ErrorCode.UNKNOWN_METHOD:\n            exception_class = UnknownMethodException\n        else:\n            exception_class = WebDriverException\n        if value == '' or value is None:\n            value = response['value']\n        if isinstance(value, basestring):\n            if exception_class == ErrorInResponseException:\n                raise exception_class(response, value)\n            raise exception_class(value)\n        if message == \"\" and 'message' in value:\n            message = value['message']\n    \n        screen = None\n        if 'screen' in value:\n            screen = value['screen']\n    \n        stacktrace = None\n        if 'stackTrace' in value and value['stackTrace']:\n            stacktrace = []\n            try:\n                for frame in value['stackTrace']:\n                    line = self._value_or_default(frame, 'lineNumber', '')\n                    file = self._value_or_default(frame, 'fileName', '<anonymous>')\n                    if line:\n                        file = \"%s:%s\" % (file, line)\n                    meth = self._value_or_default(frame, 'methodName', '<anonymous>')\n                    if 'className' in frame:\n                        meth = \"%s.%s\" % (frame['className'], meth)\n                    msg = \"    at %s (%s)\"\n                    msg = msg % (meth, file)\n                    stacktrace.append(msg)\n            except TypeError:\n                pass\n        if exception_class == ErrorInResponseException:\n            raise exception_class(response, message)\n        elif exception_class == UnexpectedAlertPresentException:\n            alert_text = None\n            if 'data' in value:\n                alert_text = value['data'].get('text')\n            elif 'alert' in value:\n                alert_text = value['alert'].get('text')\n            raise exception_class(message, screen, stacktrace, alert_text)\n>       raise exception_class(message, screen, stacktrace)\nE       selenium.common.exceptions.StaleElementReferenceException: Message: stale element reference: element is not attached to the page document\nE         (Session info: chrome=113.0.5672.64)\n\nD:\\Software Installation\\Python37\\lib\\site-packages\\selenium\\webdriver\\remote\\errorhandler.py:242: StaleElementReferenceException","flaky":false,"newFailed":false,"newBroken":false,"newPassed":false,"retriesCount":11,"retriesStatusChange":true,"beforeStages":[{"name":"_xunit_setup_class_fixture_TestCase","time":{"start":1686056721605,"stop":1686056728470,"duration":6865},"status":"passed","steps":[],"attachments":[],"parameters":[],"attachmentsCount":0,"shouldDisplayMessage":false,"hasContent":false,"stepsCount":0}],"afterStages":[{"name":"_xunit_setup_class_fixture_TestCase::0","time":{"start":1686056733608,"stop":1686056733608,"duration":0},"status":"passed","steps":[],"attachments":[],"parameters":[],"attachmentsCount":0,"shouldDisplayMessage":false,"hasContent":false,"stepsCount":0}],"labels":[{"name":"feature","value":"TestCase"},{"name":"parentSuite","value":"testcase"},{"name":"suite","value":"test_case"},{"name":"subSuite","value":"TestCase"},{"name":"host","value":"l"},{"name":"thread","value":"6688-MainThread"},{"name":"framework","value":"pytest"},{"name":"language","value":"cpython3"},{"name":"package","value":"testcase.test_case"},{"name":"resultFormat","value":"allure2"}],"parameters":[],"links":[],"hidden":false,"retry":false,"extra":{"severity":"normal","retries":[{"uid":"d4059eca27d19cc1","status":"broken","statusDetails":"selenium.common.exceptions.StaleElementReferenceException: Message: stale element reference: element is not attached to the page document\n  (Session info: chrome=113.0.5672.64)","time":{"start":1686056706295,"stop":1686056708693,"duration":2398}},{"uid":"157e9498e9d1f2d2","status":"broken","statusDetails":"selenium.common.exceptions.ElementClickInterceptedException: Message: element click intercepted: Element <li data-v-324e849c=\"\" class=\"el-select-dropdown__item\">...</li> is not clickable at point (1104, 446). Other element would receive the click: <li data-v-324e849c=\"\" class=\"el-select-dropdown__item\">...</li>\n  (Session info: chrome=113.0.5672.64)","time":{"start":1686056213310,"stop":1686056216178,"duration":2868}},{"uid":"7fa7f078b8fb0fb4","status":"passed","time":{"start":1686056132974,"stop":1686056135738,"duration":2764}},{"uid":"81c7632bae0f5f9f","status":"broken","statusDetails":"selenium.common.exceptions.ElementNotInteractableException: Message: element not interactable: element has zero size\n  (Session info: chrome=113.0.5672.64)","time":{"start":1686056002788,"stop":1686056004256,"duration":1468}},{"uid":"398783ed143463f1","status":"broken","statusDetails":"selenium.common.exceptions.ElementClickInterceptedException: Message: element click intercepted: Element <li data-v-324e849c=\"\" class=\"el-select-dropdown__item\">...</li> is not clickable at point (1104, 588). Other element would receive the click: <li data-v-324e849c=\"\" class=\"el-select-dropdown__item\">...</li>\n  (Session info: chrome=113.0.5672.64)","time":{"start":1686055934363,"stop":1686055937178,"duration":2815}},{"uid":"b2c34290c7d26b96","status":"passed","time":{"start":1686055851546,"stop":1686055854149,"duration":2603}},{"uid":"7be8dd7eae1d3a5f","status":"passed","time":{"start":1686055827771,"stop":1686055830656,"duration":2885}},{"uid":"725bd4cad982fa5d","status":"broken","statusDetails":"selenium.common.exceptions.ElementClickInterceptedException: Message: element click intercepted: Element <li data-v-324e849c=\"\" class=\"el-select-dropdown__item\">...</li> is not clickable at point (1104, 587). Other element would receive the click: <li data-v-324e849c=\"\" class=\"el-select-dropdown__item\">...</li>\n  (Session info: chrome=113.0.5672.64)","time":{"start":1686055765270,"stop":1686055769179,"duration":3909}},{"uid":"c4f7d5bf6ce171d7","status":"broken","statusDetails":"selenium.common.exceptions.ElementClickInterceptedException: Message: element click intercepted: Element <li data-v-324e849c=\"\" class=\"el-select-dropdown__item\">...</li> is not clickable at point (1104, 604). Other element would receive the click: <div class=\"el-select-dropdown el-popper\" style=\"min-width: 314px; position: fixed; top: 324px; left: 736px; transform-origin: center top; z-index: 2004;\" x-placement=\"bottom-start\">...</div>\n  (Session info: chrome=113.0.5672.64)","time":{"start":1686055547529,"stop":1686055550298,"duration":2769}},{"uid":"b19444f06f82a2c7","status":"broken","statusDetails":"selenium.common.exceptions.ElementClickInterceptedException: Message: element click intercepted: Element <li data-v-324e849c=\"\" class=\"el-select-dropdown__item\">...</li> is not clickable at point (1104, 445). Other element would receive the click: <li data-v-324e849c=\"\" class=\"el-select-dropdown__item\">...</li>\n  (Session info: chrome=113.0.5672.64)","time":{"start":1686055359901,"stop":1686055362929,"duration":3028}},{"uid":"59a3ae8b20fc2115","status":"broken","statusDetails":"selenium.common.exceptions.TimeoutException: Message:","time":{"start":1686054308203,"stop":1686054329369,"duration":21166}}],"categories":[{"name":"Test defects","matchedStatuses":[],"flaky":false}],"tags":[]},"source":"b10595fd4304861a.json","parameterValues":[]}